**********************************************
--------------------------A=B=C=0.1	D=0.1-------------------------

iterations=3000	E=0.57327
1	right path
TotaoDis=44441.1
32	17	35	5	36	18	16	26	42	29	27	6	43	30	45	37	14	8	11	7	0	39	21	15	2	40	22	33	13	12	24	10	38	47	23	25	3	34	44	9	41	1	28	4	31	20	46	19	

iterations=3000	E=0.570632
2	right path
TotaoDis=45099.5
11	36	5	26	18	16	42	29	27	35	6	17	43	30	45	32	14	37	8	10	7	0	39	21	15	2	40	22	33	13	12	24	31	38	4	47	1	41	25	3	34	44	9	23	28	20	46	19	

iterations=3000	E=0.581683
8	right path
TotaoDis=45170.4
19	35	16	5	26	18	36	42	29	27	6	17	43	30	45	32	37	14	8	7	0	39	11	21	15	40	10	2	22	33	12	13	24	38	4	47	28	1	41	9	3	34	44	25	23	31	20	46	

iterations=3000	E=0.556258
10	right path
TotaoDis=43676.2
19	32	35	27	5	36	18	26	16	42	29	6	17	43	30	45	37	14	8	7	39	0	21	15	2	40	22	33	13	12	24	20	38	4	47	1	41	25	3	34	44	9	23	28	31	46	10	11	

iterations=3000	E=0.555381
12	right path
TotaoDis=43464
35	36	5	18	16	26	42	29	27	6	17	43	30	45	32	14	11	8	7	37	0	39	21	15	2	10	22	33	12	13	40	24	38	31	47	4	41	9	25	3	34	44	23	1	28	20	46	19	

iterations=3000	E=0.556049
13	right path
TotaoDis=43004.9
19	35	18	5	36	16	26	42	29	27	6	17	43	30	45	32	14	11	8	7	0	39	37	21	15	10	2	40	22	33	12	13	24	47	38	4	28	1	41	25	3	34	44	9	23	31	20	46	

iterations=3000	E=0.564744
14	right path
TotaoDis=45431.2
32	45	17	27	5	18	26	16	42	36	29	35	6	43	19	30	37	14	8	7	0	39	21	15	40	2	10	22	33	13	12	24	28	38	47	4	41	3	25	34	44	9	23	1	31	20	46	11	

iterations=3000	E=0.617703
15	right path
TotaoDis=50913.3
32	35	36	18	16	26	42	29	27	6	17	5	43	30	45	37	14	8	7	0	39	21	31	15	2	40	11	10	22	12	13	33	24	38	4	47	1	41	25	3	34	44	9	23	28	20	46	19	

iterations=3000	E=0.566463
17	right path
TotaoDis=43908.6
32	11	6	27	5	18	26	16	36	42	29	35	17	43	30	45	37	14	8	7	0	39	21	15	40	2	10	22	33	12	13	24	20	38	47	4	28	1	41	9	44	3	34	25	23	31	46	19	

iterations=3000	E=0.572788
18	right path
TotaoDis=45250.1
11	32	17	6	27	5	36	18	26	16	29	42	35	43	30	45	14	37	39	8	7	0	21	15	40	2	10	22	12	13	19	24	38	31	47	4	28	1	41	9	3	44	34	25	23	33	20	46	

iterations=3000	E=0.558206
20	right path
TotaoDis=44821.4
19	32	35	5	26	18	16	42	36	29	27	6	17	43	30	45	37	14	8	7	39	0	40	21	15	2	10	22	33	12	13	24	1	38	47	4	28	41	9	25	3	34	44	23	31	20	46	11	

iterations=3000	E=0.518219
21	right path
TotaoDis=40199.6
19	35	6	5	36	18	16	26	42	29	27	17	43	30	45	32	11	14	39	8	7	37	0	21	15	2	40	33	22	10	13	12	20	24	31	38	4	28	1	41	9	44	34	3	25	23	47	46	

iterations=3000	E=0.619358
22	right path
TotaoDis=48481.6
35	5	36	26	16	42	18	29	27	6	17	43	30	45	32	37	14	11	8	10	7	0	39	21	15	2	40	22	33	13	12	20	24	38	1	4	47	28	41	9	3	44	34	25	23	31	46	19	

iterations=3000	E=0.577478
23	right path
TotaoDis=44977.5
32	35	5	36	18	16	42	29	26	27	17	6	43	30	45	37	14	8	11	7	0	39	21	15	2	40	10	22	33	12	13	24	38	4	47	41	3	25	34	44	9	23	1	28	31	20	46	19	

iterations=3000	E=0.570879
24	right path
TotaoDis=44354.3
35	16	5	18	26	42	36	29	27	6	17	43	30	45	32	37	14	11	8	10	7	0	39	21	15	2	40	22	33	12	13	24	38	47	4	28	1	41	9	44	34	25	3	23	31	20	46	19	

iterations=3000	E=0.582062
25	right path
TotaoDis=45160.4
19	35	5	36	18	26	42	29	27	6	17	16	43	30	45	32	37	14	8	7	0	39	21	15	40	2	33	10	22	12	13	24	38	47	28	1	41	9	3	44	34	25	23	4	31	20	46	11	

iterations=3000	E=0.598958
28	right path
TotaoDis=47384.1
19	35	5	36	18	16	26	42	29	27	6	17	43	30	32	45	37	14	8	7	11	0	39	21	15	40	2	10	22	33	12	13	24	31	38	4	47	1	41	9	25	34	44	23	3	28	20	46	

iterations=3000	E=0.599631
29	right path
TotaoDis=47460.2
19	35	5	18	16	26	42	29	27	6	17	43	36	30	45	32	14	37	8	39	7	0	33	21	15	2	10	22	12	13	24	40	38	47	4	1	41	25	3	34	44	9	23	28	31	20	46	11	

iterations=3000	E=0.530637
30	right path
TotaoDis=41789.3
19	32	35	5	26	18	16	42	29	27	6	17	36	43	30	45	37	14	11	8	7	0	39	21	15	40	2	10	22	33	13	12	24	38	31	47	4	28	1	41	9	44	34	25	3	23	20	46	
**********************************************



20409859
