10
0	0.00125126	0.563585
1	0.193304	0.808741
2	0.585009	0.479873
3	0.350291	0.895962
4	0.82284	0.746605
5	0.174108	0.858943
6	0.710501	0.513535
7	0.303995	0.0149846
8	0.0914029	0.364452
9	0.147313	0.165899
**********************************************
-----------------A=B=C=0.05	D=0.1-----------------
-----------------A=B=C=0.1	D=0.1-----------------

iterations=3000	E=0.269001
2	right path
TotaoDis=3.10741
6	2	4	1	3	5	0	8	9	7	

iterations=3000	E=0.24153
3	right path
TotaoDis=2.64544
8	0	5	1	3	4	6	2	7	9	

iterations=3000	E=0.277794
4	right path
TotaoDis=3.10194
2	6	4	5	3	1	0	8	7	9	

iterations=3000	E=0.238357
6	right path
TotaoDis=2.61508
6	4	3	5	1	0	8	9	7	2	

iterations=3000	E=0.280375
7	right path
TotaoDis=3.18506
6	4	3	0	5	1	8	9	7	2	

iterations=3000	E=0.259614
8	right path
TotaoDis=2.90872
1	4	6	2	7	9	8	0	5	3	

iterations=3000	E=0.238357
10	right path
TotaoDis=2.61508
3	4	6	2	7	9	8	0	1	5	

iterations=3000	E=0.238357
15	right path
TotaoDis=2.61508
9	8	0	1	5	3	4	6	2	7	

iterations=3000	E=0.259368
16	right path
TotaoDis=2.8133
9	2	6	4	3	5	1	0	8	7	

iterations=3000	E=0.238357
17	right path
TotaoDis=2.61508
2	6	4	3	5	1	0	8	9	7	

iterations=3000	E=0.251481
18	right path
TotaoDis=2.84412
3	1	5	0	8	9	7	6	2	4	

iterations=3000	E=0.265278
19	right path
TotaoDis=2.43854
8	0	1	5	3	2	6	7	9	4	

iterations=3000	E=0.238357
20	right path
TotaoDis=2.61508
0	1	5	3	4	6	2	7	9	8	
-----------------A=B=C=0.15	D=0.1-----------------

iterations=3000	E=0.2922
1	right path
TotaoDis=3.12086
4	1	5	3	0	8	7	9	2	6	

iterations=3000	E=0.299756
2	right path
TotaoDis=3.40583
4	6	2	7	0	8	9	5	1	3	

iterations=3000	E=0.304115
3	right path
TotaoDis=3.29419
8	2	6	4	1	5	3	0	9	7	

iterations=3000	E=0.27259
5	right path
TotaoDis=2.94799
4	5	1	3	0	8	9	7	2	6	

iterations=3000	E=0.293542
6	right path
TotaoDis=3.24549
8	6	2	4	3	1	5	0	9	7	

iterations=3000	E=0.35214
7	right path
TotaoDis=3.99378
0	5	1	8	3	6	2	4	7	9	

iterations=3000	E=0.276745
8	right path
TotaoDis=3.01166
1	0	9	8	7	2	6	4	3	5	

iterations=3000	E=0.270336
9	right path
TotaoDis=2.90872
7	2	6	4	1	3	5	0	8	9	

iterations=3000	E=0.25984
10	right path
TotaoDis=2.81377
9	7	6	2	4	3	5	1	0	8	

iterations=3000	E=0.287401
11	right path
TotaoDis=3.20362
6	2	0	8	9	7	5	1	3	4	

iterations=3000	E=0.423747
12	right path
TotaoDis=4.94549
0	3	5	6	1	4	7	9	8	2	

iterations=3000	E=0.311763
13	right path
TotaoDis=3.42451
9	2	8	0	1	5	3	4	6	7	

iterations=2963	E=0.280639
14	right path
TotaoDis=3.3618
5	0	8	9	7	1	2	6	4	3	

iterations=3000	E=0.321313
15	right path
TotaoDis=3.67109
7	9	8	0	6	3	1	5	4	2	

iterations=3000	E=0.28477
16	right path
TotaoDis=3.12132
4	1	5	3	0	8	9	7	6	2	

iterations=3000	E=0.282863
17	right path
TotaoDis=3.32421
9	7	8	0	5	1	3	6	2	4	

iterations=2967	E=0.304913
18	right path
TotaoDis=3.57889
9	8	0	6	1	5	3	4	2	7	

iterations=3000	E=0.334206
19	right path
TotaoDis=3.7153
6	7	8	0	9	5	1	3	2	4	

iterations=3000	E=0.330762
20	right path
TotaoDis=2.84006
1	0	7	9	8	6	2	3	5	4	
-----------------A=B=C=0.2	D=0.1-----------------

iterations=2701	E=0.382087
1	right path
TotaoDis=4.53287
2	6	4	7	1	9	0	8	5	3	

iterations=2962	E=0.324021
2	right path
TotaoDis=3.68318
7	6	0	1	5	3	4	2	8	9	

iterations=3000	E=0.32965
3	right path
TotaoDis=3.60047
0	5	1	3	8	2	6	4	7	9	

iterations=3000	E=0.335175
4	right path
TotaoDis=3.66016
8	4	2	6	1	3	5	0	9	7	

iterations=2594	E=0.365137
6	right path
TotaoDis=4.32328
4	6	2	7	8	1	5	0	3	9	

iterations=3000	E=0.351635
7	right path
TotaoDis=3.73774
6	8	0	7	9	2	1	5	3	4	

iterations=3000	E=0.40959
8	right path
TotaoDis=4.57228
8	2	6	4	3	5	9	0	7	1	

iterations=3000	E=0.28232
9	right path
TotaoDis=2.98663
8	2	6	4	3	5	1	0	9	7	

iterations=3000	E=0.357306
10	right path
TotaoDis=3.82064
9	6	4	2	7	8	3	1	5	0	

iterations=3000	E=0.268701
11	right path
TotaoDis=2.84412
3	1	5	0	8	9	7	6	2	4	

iterations=3000	E=0.441253
12	right path
TotaoDis=4.83663
0	2	4	8	5	1	3	9	7	6	

iterations=2893	E=0.306474
13	right path
TotaoDis=3.44797
0	4	6	2	3	5	1	8	7	9	

iterations=3000	E=0.350592
14	right path
TotaoDis=3.78863
9	4	6	8	0	1	5	3	2	7	

iterations=3000	E=0.352855
15	right path
TotaoDis=3.91039
6	7	9	8	1	5	3	4	2	0	

iterations=2727	E=0.423826
16	right path
TotaoDis=4.98434
2	4	6	5	7	3	0	1	8	9	

iterations=3000	E=0.286008
17	right path
TotaoDis=3.04202
9	8	7	2	6	4	3	1	5	0	

iterations=3000	E=0.417022
18	right path
TotaoDis=4.74124
1	3	5	9	0	8	6	7	4	2	

iterations=2871	E=0.31071
19	right path
TotaoDis=3.32375
8	7	9	6	2	4	5	3	1	0	

iterations=3000	E=0.330487
20	right path
TotaoDis=3.51469
2	6	8	0	9	7	1	5	3	4	
-----------------A=B=C=0.25	D=0.1-----------------

iterations=2797	E=0.350362
1	right path
TotaoDis=3.75219
8	0	3	5	1	9	7	6	2	4	

iterations=3000	E=0.318972
2	right path
TotaoDis=3.47119
9	8	1	5	3	6	4	2	0	7	

iterations=2349	E=0.335005
3	right path
TotaoDis=3.92572
0	9	8	2	6	4	7	1	3	5	

iterations=2888	E=0.388739
4	right path
TotaoDis=4.17788
8	0	7	6	2	3	4	1	5	9	

iterations=3000	E=0.314953
5	right path
TotaoDis=3.3003
8	7	2	6	4	5	3	1	0	9	

iterations=2982	E=0.383568
6	right path
TotaoDis=4.29141
0	8	9	6	2	5	3	1	4	7	

iterations=2848	E=0.305117
7	right path
TotaoDis=3.2407
8	9	0	5	1	3	4	2	6	7	

iterations=2751	E=0.320122
8	right path
TotaoDis=3.58387
5	1	6	2	0	8	9	7	4	3	

iterations=3000	E=0.398087
9	right path
TotaoDis=4.18398
6	4	5	1	3	0	7	2	9	8	

iterations=3000	E=0.334019
10	right path
TotaoDis=3.46309
9	7	2	6	4	1	0	3	5	8	

iterations=2524	E=0.359362
11	right path
TotaoDis=3.93922
8	0	1	5	4	2	6	7	9	3	

iterations=2682	E=0.40724
12	right path
TotaoDis=4.65443
4	8	1	5	3	6	2	7	0	9	

iterations=3000	E=0.420958
13	right path
TotaoDis=4.41346
0	2	1	4	6	5	3	9	7	8	

iterations=3000	E=0.332807
14	right path
TotaoDis=3.51165
6	4	2	1	3	5	0	9	8	7	

iterations=3000	E=0.35567
15	right path
TotaoDis=3.70505
7	8	0	5	2	6	4	1	3	9	

iterations=2948	E=0.33267
16	right path
TotaoDis=3.68318
2	4	3	5	1	0	6	7	9	8	

iterations=2613	E=0.420805
17	right path
TotaoDis=4.76926
0	8	1	7	3	5	4	2	6	9	

iterations=2199	E=0.339349
18	right path
TotaoDis=3.8557
7	4	2	6	3	5	1	8	9	0	

iterations=3000	E=0.358674
19	right path
TotaoDis=3.80474
4	6	3	1	5	2	7	9	0	8	

iterations=3000	E=0.44552
20	right path
TotaoDis=4.7428
2	5	4	1	0	3	6	7	9	8	
-----------------A=B=C=0.3	D=0.1-----------------

iterations=2798	E=0.459865
1	right path
TotaoDis=4.93614
4	5	3	6	1	2	0	7	9	8	

iterations=3000	E=0.352468
2	right path
TotaoDis=3.66103
0	5	1	3	8	7	9	6	4	2	

iterations=3000	E=0.376556
3	right path
TotaoDis=4.11084
5	3	1	4	8	6	2	7	9	0	

iterations=3000	E=0.391415
4	right path
TotaoDis=4.10911
0	5	3	1	2	8	7	9	6	4	

iterations=3000	E=0.346027
5	right path
TotaoDis=3.62571
4	6	2	5	1	3	9	7	8	0	

iterations=2605	E=0.390221
6	right path
TotaoDis=4.25663
8	5	3	1	4	0	9	7	6	2	

iterations=2496	E=0.371254
7	right path
TotaoDis=4.09724
0	9	8	5	3	1	6	2	4	7	

iterations=2774	E=0.35757
8	right path
TotaoDis=3.86386
2	3	4	0	5	1	8	9	7	6	

iterations=2411	E=0.382254
9	right path
TotaoDis=4.22129
2	6	0	1	3	5	4	7	8	9	

iterations=2839	E=0.473052
10	right path
TotaoDis=5.22476
1	8	0	2	3	9	6	4	7	5	

iterations=2663	E=0.419653
11	right path
TotaoDis=4.66032
9	4	2	6	5	1	7	3	0	8	

iterations=3000	E=0.467746
12	right path
TotaoDis=4.85757
3	0	5	2	1	6	4	9	7	8	

iterations=2967	E=0.402367
13	right path
TotaoDis=4.26679
1	4	6	2	5	0	3	8	7	9	

iterations=2465	E=0.562404
14	right path
TotaoDis=6.14727
1	2	8	3	0	5	6	7	4	9	

iterations=2747	E=0.386617
15	right path
TotaoDis=4.26371
3	1	5	9	8	7	2	6	0	4	

iterations=3000	E=0.367595
16	right path
TotaoDis=3.83605
3	1	5	6	4	8	0	9	7	2	

iterations=3000	E=0.441404
17	right path
TotaoDis=4.6531
8	1	0	2	3	5	9	7	6	4	

iterations=2876	E=0.401997
18	right path
TotaoDis=4.50833
8	2	6	1	5	3	0	7	9	4	

iterations=3000	E=0.427047
19	right path
TotaoDis=4.5753
0	1	8	2	6	3	4	7	9	5	

iterations=2802	E=0.313894
20	right path
TotaoDis=3.31969
8	2	6	4	5	1	3	0	7	9	
**********************************************



15
0	0.00125126	0.563585
1	0.193304	0.808741
2	0.585009	0.479873
3	0.350291	0.895962
4	0.82284	0.746605
5	0.174108	0.858943
6	0.710501	0.513535
7	0.303995	0.0149846
8	0.0914029	0.364452
9	0.147313	0.165899
10	0.988525	0.445692
11	0.119083	0.00466933
12	0.0089114	0.37788
13	0.531663	0.571184
14	0.601764	0.607166
**********************************************
-----------------A=B=C=0.05	D=0.1-----------------
-----------------A=B=C=0.1	D=0.1-----------------

iterations=3000	E=0.372838
5	right path
TotaoDis=4.2957
1	3	10	4	14	6	2	13	7	8	9	11	12	0	5	

iterations=3000	E=0.40522
7	right path
TotaoDis=4.67579
11	8	12	0	9	3	5	1	4	13	2	14	6	10	7	

iterations=3000	E=0.373116
14	right path
TotaoDis=4.01794
6	14	9	7	11	8	12	0	5	1	3	4	13	2	10	

iterations=3000	E=0.351573
15	right path
TotaoDis=3.47897
14	13	4	3	1	5	0	12	7	11	9	8	2	6	10	

iterations=3000	E=0.301104
16	right path
TotaoDis=2.99539
0	12	8	9	11	7	2	13	14	6	4	3	5	1	10	

iterations=2871	E=0.342753
18	right path
TotaoDis=3.70044
4	14	3	5	0	12	8	9	11	7	1	13	2	6	10	
-----------------A=B=C=0.15	D=0.1-----------------

iterations=3000	E=0.358861
1	right path
TotaoDis=3.93779
14	3	5	1	0	8	12	9	11	7	13	10	6	4	2	

iterations=3000	E=0.40643
2	right path
TotaoDis=4.58502
0	8	12	11	9	7	3	13	2	14	6	4	10	5	1	

iterations=3000	E=0.459586
3	right path
TotaoDis=5.10114
4	14	2	6	13	10	3	5	0	1	12	9	11	7	8	

iterations=3000	E=0.407661
4	right path
TotaoDis=4.56067
8	0	5	1	3	13	14	6	10	2	4	7	12	11	9	

iterations=3000	E=0.425722
5	right path
TotaoDis=4.72669
5	12	8	0	1	11	9	7	4	10	6	2	14	13	3	

iterations=3000	E=0.505737
6	right path
TotaoDis=5.56572
5	3	4	1	13	14	2	6	10	0	12	9	11	8	7	

iterations=3000	E=0.374673
7	right path
TotaoDis=3.9925
14	13	1	3	5	0	12	8	9	7	11	6	2	10	4	

iterations=3000	E=0.359884
8	right path
TotaoDis=4.15375
4	2	6	13	14	3	1	5	0	12	9	11	7	8	10	

iterations=3000	E=0.38242
9	right path
TotaoDis=4.28215
5	3	10	4	6	2	14	13	1	7	11	9	8	12	0	

iterations=3000	E=0.439527
10	right path
TotaoDis=4.80515
13	2	6	14	10	3	1	7	11	9	12	8	0	5	4	

iterations=3000	E=0.380166
11	right path
TotaoDis=4.14561
0	1	5	14	4	3	13	2	6	10	7	11	9	8	12	

iterations=3000	E=0.397442
12	right path
TotaoDis=4.34851
11	9	8	12	0	1	13	2	6	14	4	10	3	5	7	

iterations=3000	E=0.42215
13	right path
TotaoDis=4.62542
10	6	13	2	14	4	0	1	3	5	12	8	11	9	7	

iterations=3000	E=0.398809
14	right path
TotaoDis=4.17242
8	0	13	14	6	2	10	4	3	1	5	9	11	7	12	

iterations=2695	E=0.354492
16	right path
TotaoDis=4.07617
6	4	14	13	10	7	9	11	8	12	0	5	1	3	2	

iterations=3000	E=0.45135
17	right path
TotaoDis=5.00619
3	5	1	13	14	7	8	9	11	12	0	10	6	2	4	

iterations=3000	E=0.419097
18	right path
TotaoDis=4.61092
5	1	11	12	0	8	9	7	6	2	14	4	10	13	3	
-----------------A=B=C=0.2	D=0.1-----------------

iterations=3000	E=0.449335
1	right path
TotaoDis=4.89078
14	13	6	3	0	12	8	9	11	7	1	5	10	2	4	

iterations=2877	E=0.457204
2	right path
TotaoDis=4.98643
9	8	10	14	4	2	13	6	3	5	1	0	11	7	12	

iterations=2812	E=0.406159
3	right path
TotaoDis=4.53745
14	4	6	2	13	1	3	5	0	7	11	9	8	12	10	

iterations=3000	E=0.444418
4	right path
TotaoDis=4.78845
14	13	3	5	1	0	12	11	9	2	6	4	10	7	8	

iterations=3000	E=0.431488
5	right path
TotaoDis=4.62112
12	8	0	13	5	1	3	14	4	2	6	10	9	7	11	

iterations=3000	E=0.477877
6	right path
TotaoDis=5.0571
12	0	13	2	6	14	8	1	3	5	4	10	7	9	11	

iterations=3000	E=0.483974
7	right path
TotaoDis=5.31042
8	13	14	10	3	12	0	1	5	2	4	6	7	11	9	

iterations=3000	E=0.3805
8	right path
TotaoDis=3.95266
10	6	4	3	1	5	0	12	9	11	7	8	13	2	14	

iterations=3000	E=0.405306
9	right path
TotaoDis=4.46861
4	3	5	1	13	2	14	6	10	7	9	11	8	12	0	

iterations=3000	E=0.384397
10	right path
TotaoDis=4.30503
8	12	0	1	5	3	2	13	6	14	10	4	11	9	7	

iterations=3000	E=0.508548
11	right path
TotaoDis=5.40359
13	0	1	5	3	12	7	11	2	9	8	14	4	10	6	

iterations=3000	E=0.45053
13	right path
TotaoDis=4.83528
13	11	8	12	0	1	5	3	9	7	10	14	4	6	2	

iterations=3000	E=0.373911
14	right path
TotaoDis=3.96211
6	14	13	1	5	3	0	8	12	9	7	11	2	4	10	

iterations=2586	E=0.377479
15	right path
TotaoDis=4.24467
9	8	12	0	5	1	3	6	13	14	4	2	10	11	7	

iterations=3000	E=0.380013
16	right path
TotaoDis=4.17148
2	6	14	13	3	1	5	0	8	7	11	9	12	4	10	

iterations=3000	E=0.424778
17	right path
TotaoDis=4.41253
7	6	13	8	12	0	1	5	3	14	4	10	2	9	11	

iterations=2756	E=0.443301
18	right path
TotaoDis=4.90017
14	4	6	2	13	10	5	3	0	12	11	7	9	8	1	

iterations=3000	E=0.470012
19	right path
TotaoDis=4.94715
0	8	1	5	14	3	10	4	13	2	6	9	7	11	12	

iterations=3000	E=0.421083
20	right path
TotaoDis=4.45514
11	0	8	9	12	1	5	3	14	2	6	4	10	13	7	
-----------------A=B=C=0.25	D=0.1-----------------

iterations=3000	E=0.481299
1	right path
TotaoDis=5.07135
6	2	0	5	1	3	13	14	10	4	8	9	11	7	12	

iterations=2703	E=0.535325
2	right path
TotaoDis=6.07812
4	13	2	6	1	5	10	0	3	12	9	7	11	8	14	

iterations=2552	E=0.507778
3	right path
TotaoDis=5.78697
8	4	2	13	3	6	14	1	5	10	11	7	9	12	0	

iterations=3000	E=0.430295
4	right path
TotaoDis=4.46502
12	0	1	13	10	4	6	14	2	3	5	11	7	9	8	

iterations=3000	E=0.446455
5	right path
TotaoDis=4.6083
0	2	4	3	1	5	13	14	10	6	9	11	7	8	12	

iterations=3000	E=0.53293
6	right path
TotaoDis=5.56264
0	8	13	2	1	3	5	4	6	10	14	11	12	9	7	

iterations=2908	E=0.495726
7	right path
TotaoDis=5.22742
13	12	8	0	5	1	14	2	3	9	7	11	6	10	4	

iterations=3000	E=0.410763
8	right path
TotaoDis=4.2521
6	14	13	2	5	1	12	9	7	11	8	0	3	4	10	

iterations=3000	E=0.481571
9	right path
TotaoDis=5.14196
6	13	0	12	3	5	1	14	2	9	11	7	8	10	4	

iterations=2878	E=0.503224
10	right path
TotaoDis=5.64719
13	2	12	6	14	3	1	0	8	9	11	7	5	10	4	

iterations=3000	E=0.462999
11	right path
TotaoDis=4.92146
2	12	8	0	3	5	1	14	13	4	6	10	11	9	7	

iterations=2968	E=0.43266
12	right path
TotaoDis=4.4897
0	2	6	4	10	13	14	5	1	3	12	8	7	11	9	

iterations=3000	E=0.468637
13	right path
TotaoDis=4.99763
2	13	8	0	1	5	3	6	14	4	10	7	12	11	9	

iterations=3000	E=0.441016
14	right path
TotaoDis=4.77477
10	2	6	14	4	1	3	5	13	0	12	8	9	7	11	

iterations=3000	E=0.516115
15	right path
TotaoDis=5.47609
2	14	13	3	5	0	1	6	12	11	9	7	8	4	10	

iterations=3000	E=0.490297
16	right path
TotaoDis=5.02655
0	8	5	1	6	13	3	4	14	10	2	9	7	11	12	

iterations=3000	E=0.431377
17	right path
TotaoDis=4.67372
1	5	0	12	8	13	2	6	14	10	7	11	9	4	3	

iterations=2675	E=0.484472
18	right path
TotaoDis=5.38219
1	5	0	12	8	11	7	13	6	14	4	10	9	3	2	

iterations=2833	E=0.471954
19	right path
TotaoDis=5.05844
0	1	5	3	4	6	10	2	13	12	7	9	11	14	8	

iterations=2747	E=0.54296
20	right path
TotaoDis=6.02009
14	3	12	1	5	0	11	9	7	2	10	8	4	6	13	
-----------------A=B=C=0.3	D=0.1-----------------

iterations=3000	E=0.598599
1	right path
TotaoDis=6.5371
1	5	3	13	6	14	8	9	2	4	0	10	11	7	12	

iterations=3000	E=0.52401
2	right path
TotaoDis=5.37116
2	4	1	0	5	14	13	3	12	8	11	9	7	6	10	

iterations=2848	E=0.423319
3	right path
TotaoDis=4.54032
1	5	0	12	8	13	2	7	9	11	4	10	6	14	3	

iterations=3000	E=0.501214
4	right path
TotaoDis=5.18763
13	0	5	1	3	8	12	2	9	7	11	6	4	10	14	

iterations=2532	E=0.518817
5	right path
TotaoDis=5.66575
12	1	0	5	3	13	4	14	2	6	11	9	10	7	8	

iterations=2364	E=0.521911
6	right path
TotaoDis=5.79545
3	0	5	1	2	14	13	4	6	7	11	10	9	8	12	

iterations=3000	E=0.588052
7	right path
TotaoDis=6.22598
0	2	5	1	6	4	13	14	10	8	11	9	7	3	12	

iterations=3000	E=0.462829
8	right path
TotaoDis=4.85988
0	1	5	3	14	9	8	11	7	2	13	6	10	4	12	

iterations=3000	E=0.495322
9	right path
TotaoDis=5.18717
3	1	12	0	5	14	2	13	8	11	9	7	4	10	6	

iterations=2495	E=0.392027
10	right path
TotaoDis=4.35764
12	5	1	3	13	2	6	14	4	10	0	7	11	9	8	

iterations=2586	E=0.522404
11	right path
TotaoDis=5.81331
10	8	0	2	14	13	6	4	5	1	3	11	7	9	12	

iterations=3000	E=0.585332
12	right path
TotaoDis=6.17895
13	1	3	5	8	2	14	6	11	0	9	7	12	10	4	

iterations=3000	E=0.537115
13	right path
TotaoDis=5.58437
0	5	1	8	13	2	6	14	3	12	11	7	9	10	4	

iterations=3000	E=0.532187
14	right path
TotaoDis=5.52306
3	0	5	1	12	14	8	11	9	7	6	2	10	4	13	

iterations=3000	E=0.477409
15	right path
TotaoDis=4.93251
2	0	3	1	5	13	12	8	11	7	9	14	6	10	4	

iterations=3000	E=0.403134
16	right path
TotaoDis=4.21871
0	1	5	3	13	14	2	4	10	6	7	12	9	11	8	

iterations=3000	E=0.491563
17	right path
TotaoDis=5.14221
0	3	5	1	14	8	13	6	2	10	4	7	9	11	12	

iterations=2897	E=0.545161
18	right path
TotaoDis=5.86387
6	14	3	1	0	12	11	7	9	5	10	2	4	8	13	

iterations=2775	E=0.52397
19	right path
TotaoDis=5.60308
1	0	3	14	4	2	13	8	11	9	7	6	10	12	5	

iterations=3000	E=0.542016
20	right path
TotaoDis=5.57236
0	4	14	5	1	3	13	8	11	7	2	10	6	9	12	
**********************************************



20
0	0.00125126	0.563585
1	0.193304	0.808741
2	0.585009	0.479873
3	0.350291	0.895962
4	0.82284	0.746605
5	0.174108	0.858943
6	0.710501	0.513535
7	0.303995	0.0149846
8	0.0914029	0.364452
9	0.147313	0.165899
10	0.988525	0.445692
11	0.119083	0.00466933
12	0.0089114	0.37788
13	0.531663	0.571184
14	0.601764	0.607166
15	0.166234	0.663045
16	0.450789	0.352123
17	0.0570391	0.607685
18	0.783319	0.802606
19	0.519883	0.30195
**********************************************
-----------------A=B=C=0.05	D=0.1-----------------
-----------------A=B=C=0.1	D=0.1-----------------

iterations=3000	E=0.376672
1	right path
TotaoDis=3.98467
4	6	10	14	13	2	16	19	7	11	9	8	12	0	17	15	1	3	5	18	

iterations=3000	E=0.408379
2	right path
TotaoDis=4.4356
5	3	18	4	14	2	16	19	13	10	6	11	7	9	8	12	0	17	15	1	

iterations=3000	E=0.449844
7	right path
TotaoDis=4.95179
11	12	0	17	8	9	7	16	19	2	6	4	18	10	14	13	5	3	1	15	

iterations=3000	E=0.42623
11	right path
TotaoDis=4.47648
13	14	8	17	15	1	5	3	0	12	9	11	7	16	19	2	6	10	4	18	

iterations=3000	E=0.410998
12	right path
TotaoDis=4.40191
5	3	1	15	17	0	12	8	9	11	7	19	13	10	18	4	6	14	2	16	

iterations=3000	E=0.363283
13	right path
TotaoDis=3.75373
11	9	8	12	0	17	15	5	1	3	14	18	4	10	6	2	13	19	16	7	

iterations=3000	E=0.369946
15	right path
TotaoDis=3.99398
17	0	15	1	5	3	14	6	4	18	10	13	2	16	19	7	11	9	8	12	

iterations=3000	E=0.37873
16	right path
TotaoDis=4.11212
0	17	15	1	3	5	13	10	18	4	6	14	2	19	16	7	11	9	8	12	

iterations=3000	E=0.474431
17	right path
TotaoDis=5.28848
10	19	16	7	11	5	17	9	8	12	0	15	1	3	13	14	18	4	6	2	

iterations=3000	E=0.390089
18	right path
TotaoDis=4.22847
7	14	18	4	6	10	2	19	16	13	3	5	1	15	17	0	12	8	9	11	

iterations=3000	E=0.367722
19	right path
TotaoDis=3.80017
11	9	8	12	0	17	15	1	5	3	14	13	2	6	10	4	18	16	19	7	
-----------------A=B=C=0.15	D=0.1-----------------

iterations=3000	E=0.481055
1	right path
TotaoDis=5.08622
3	13	14	18	6	10	2	4	15	17	0	12	8	9	11	7	16	19	5	1	

iterations=3000	E=0.525438
2	right path
TotaoDis=5.46352
1	3	13	14	4	6	10	2	18	19	16	7	11	12	9	8	5	17	0	15	

iterations=3000	E=0.459784
3	right path
TotaoDis=5.03666
19	13	14	6	4	18	10	3	1	5	15	17	0	2	8	12	9	7	11	16	

iterations=3000	E=0.438962
5	right path
TotaoDis=4.54526
18	14	3	1	5	13	2	16	19	7	9	11	8	12	0	17	15	6	10	4	

iterations=3000	E=0.441036
6	right path
TotaoDis=4.50551
0	17	15	5	1	3	14	18	4	13	16	2	10	6	19	9	7	11	8	12	

iterations=3000	E=0.431993
7	right path
TotaoDis=4.66172
8	9	11	7	19	2	13	14	6	10	4	18	3	16	1	5	15	17	12	0	

iterations=3000	E=0.525404
9	right path
TotaoDis=5.52909
8	12	9	16	19	14	6	4	18	10	13	3	2	7	11	0	1	5	15	17	

iterations=3000	E=0.47847
10	right path
TotaoDis=4.99569
2	13	1	8	12	17	0	15	5	3	14	18	4	6	10	16	9	11	7	19	

iterations=3000	E=0.426433
12	right path
TotaoDis=4.59617
6	14	13	2	16	12	3	1	5	15	17	0	8	9	11	7	19	18	4	10	

iterations=3000	E=0.47048
13	right path
TotaoDis=5.24143
2	14	13	3	15	17	5	1	6	0	12	8	9	11	7	16	19	10	18	4	

iterations=3000	E=0.450666
14	right path
TotaoDis=5.03737
14	3	1	11	16	19	7	9	8	12	0	17	15	5	13	2	6	10	4	18	

iterations=3000	E=0.444224
15	right path
TotaoDis=4.80715
7	11	9	8	0	17	15	1	5	12	3	16	13	14	18	4	10	6	2	19	

iterations=3000	E=0.429819
16	right path
TotaoDis=4.41314
17	0	12	8	9	11	7	19	16	1	5	3	2	6	18	4	10	14	13	15	

iterations=3000	E=0.3915
17	right path
TotaoDis=3.98811
2	6	10	4	18	14	13	5	3	1	15	17	0	12	8	11	9	7	16	19	

iterations=3000	E=0.440109
18	right path
TotaoDis=4.6432
11	9	12	0	17	15	1	8	5	3	13	2	6	10	18	4	14	16	19	7	

iterations=3000	E=0.42719
19	right path
TotaoDis=4.41394
12	8	0	17	15	5	1	3	13	16	2	10	14	4	18	6	19	7	11	9	
-----------------A=B=C=0.2	D=0.1-----------------

iterations=3000	E=0.538114
1	right path
TotaoDis=5.57436
9	17	15	0	5	1	3	8	7	12	16	13	14	4	18	10	6	2	19	11	

iterations=3000	E=0.548167
2	right path
TotaoDis=5.62329
14	3	17	0	8	5	1	15	12	13	2	6	18	4	10	19	7	9	11	16	

iterations=3000	E=0.511806
3	right path
TotaoDis=5.43481
8	0	2	16	15	17	1	5	3	12	13	14	18	4	10	6	19	7	11	9	

iterations=3000	E=0.515029
4	right path
TotaoDis=5.39686
2	13	12	17	0	5	1	3	8	9	11	7	15	16	19	14	6	10	4	18	

iterations=3000	E=0.588801
5	right path
TotaoDis=6.44437
5	15	17	8	12	0	9	11	16	13	19	2	14	10	4	18	1	6	7	3	

iterations=3000	E=0.545982
6	right path
TotaoDis=5.69016
17	5	1	15	13	2	6	10	4	19	16	8	3	18	14	11	7	9	12	0	

iterations=3000	E=0.432234
7	right path
TotaoDis=4.61379
14	3	1	5	15	0	12	8	9	11	7	17	13	16	19	2	6	10	18	4	

iterations=3000	E=0.452317
8	right path
TotaoDis=4.89455
15	5	1	17	0	8	12	11	7	9	3	2	19	16	6	10	4	18	14	13	

iterations=2773	E=0.565756
9	right path
TotaoDis=6.35026
14	13	3	1	15	5	0	17	4	12	8	9	16	2	11	7	19	6	10	18	

iterations=3000	E=0.613146
10	right path
TotaoDis=6.51127
3	17	15	4	1	5	14	0	12	7	11	9	8	16	19	6	18	10	2	13	

iterations=3000	E=0.473655
11	right path
TotaoDis=4.90745
9	8	0	17	12	15	1	3	5	13	14	6	18	4	2	10	16	19	11	7	

iterations=3000	E=0.506572
12	right path
TotaoDis=5.38338
3	1	5	15	0	8	12	9	2	14	4	18	10	6	19	16	7	11	13	17	

iterations=3000	E=0.543759
13	right path
TotaoDis=5.58257
6	14	3	5	1	0	15	17	12	2	16	19	8	7	11	9	13	18	10	4	

iterations=3000	E=0.496496
14	right path
TotaoDis=5.15527
13	2	5	1	17	15	3	14	0	12	8	11	9	7	16	19	6	10	4	18	

iterations=3000	E=0.506121
15	right path
TotaoDis=5.33175
0	17	15	5	1	14	13	2	3	12	9	11	7	16	19	6	10	18	4	8	

iterations=3000	E=0.565942
16	right path
TotaoDis=5.8265
7	0	1	3	14	13	19	9	8	12	15	17	5	6	10	4	18	2	16	11	

iterations=3000	E=0.525186
17	right path
TotaoDis=5.57848
0	17	14	18	4	6	13	15	5	1	3	12	2	10	16	19	7	11	9	8	

iterations=3000	E=0.532074
18	right path
TotaoDis=5.70419
8	0	17	15	5	1	3	10	13	14	18	6	4	7	16	19	2	11	9	12	

iterations=3000	E=0.432865
19	right path
TotaoDis=4.45189
3	5	1	15	13	17	0	12	8	9	11	7	19	16	6	10	4	18	14	2	

iterations=2854	E=0.525859
20	right path
TotaoDis=5.97079
0	15	1	3	18	4	6	14	2	13	5	8	12	9	10	7	11	19	16	17	
-----------------A=B=C=0.25	D=0.1-----------------

iterations=2716	E=0.588027
1	right path
TotaoDis=6.30511
3	1	17	0	15	8	9	12	2	6	10	4	14	16	19	11	7	5	18	13	

iterations=3000	E=0.534315
2	right path
TotaoDis=5.46813
1	0	15	3	5	14	13	2	17	12	8	7	11	9	19	16	6	10	18	4	

iterations=2623	E=0.554237
3	right path
TotaoDis=6.1362
11	16	1	5	15	0	12	17	10	3	13	14	4	18	6	2	19	7	9	8	

iterations=3000	E=0.579971
4	right path
TotaoDis=6.09017
1	5	15	0	17	8	13	12	6	10	14	2	16	19	11	9	7	4	18	3	

iterations=3000	E=0.601758
5	right path
TotaoDis=6.39951
15	1	0	3	13	6	2	14	5	10	4	18	16	19	17	9	11	7	8	12	

iterations=3000	E=0.57741
6	right path
TotaoDis=5.88479
0	5	1	3	15	13	8	16	7	9	11	19	2	6	4	10	18	14	12	17	

iterations=3000	E=0.508619
7	right path
TotaoDis=5.21756
14	3	5	1	0	17	15	12	8	2	16	19	13	7	11	9	6	10	18	4	

iterations=3000	E=0.531831
8	right path
TotaoDis=5.61761
1	12	8	15	17	0	5	3	2	13	19	16	9	7	11	10	6	18	4	14	

iterations=2979	E=0.530858
9	right path
TotaoDis=5.63767
12	9	5	0	17	1	3	13	14	2	16	19	6	10	18	4	15	7	11	8	

iterations=3000	E=0.681679
10	right path
TotaoDis=7.21066
0	12	1	5	3	15	8	13	2	14	4	6	18	7	19	11	10	16	9	17	

iterations=3000	E=0.559747
11	right path
TotaoDis=5.79251
13	1	5	3	4	18	14	2	15	17	0	16	6	10	19	7	9	8	12	11	

iterations=2827	E=0.502694
12	right path
TotaoDis=5.3656
3	1	5	0	15	17	8	12	2	13	14	18	4	6	9	11	7	19	16	10	

iterations=3000	E=0.603838
13	right path
TotaoDis=6.38454
1	5	3	13	14	2	15	17	0	8	4	16	19	18	6	10	11	7	9	12	

iterations=2974	E=0.551532
14	right path
TotaoDis=5.79294
1	0	17	15	12	3	14	13	6	2	19	16	11	7	9	8	18	4	10	5	

iterations=3000	E=0.476913
15	right path
TotaoDis=5.06225
3	1	15	5	17	0	6	13	14	2	19	16	7	11	9	12	8	10	4	18	

iterations=2563	E=0.61629
16	right path
TotaoDis=6.95774
3	5	1	0	15	8	13	14	16	2	19	6	10	11	4	18	7	9	12	17	

iterations=2874	E=0.576409
17	right path
TotaoDis=6.2174
0	1	5	17	3	14	6	2	18	13	4	15	10	19	16	11	7	9	8	12	

iterations=2965	E=0.512729
18	right path
TotaoDis=5.52666
8	0	17	15	1	3	13	6	14	4	18	10	5	12	11	9	7	16	19	2	

iterations=3000	E=0.603523
19	right path
TotaoDis=6.24057
0	5	15	1	3	6	13	2	14	17	8	4	18	16	10	19	7	11	9	12	

iterations=3000	E=0.500825
20	right path
TotaoDis=5.13945
15	17	0	1	3	5	13	16	8	9	11	7	19	2	6	10	18	4	14	12	
-----------------A=B=C=0.3	D=0.1-----------------

iterations=2869	E=0.599038
1	right path
TotaoDis=6.29725
0	1	17	5	15	3	8	13	6	14	2	16	9	11	7	19	4	18	10	12	

iterations=3000	E=0.543264
2	right path
TotaoDis=5.64996
0	1	5	15	3	14	2	6	4	13	16	19	9	11	7	10	18	17	8	12	

iterations=3000	E=0.584674
3	right path
TotaoDis=6.06022
1	5	17	0	15	12	8	2	16	7	9	14	19	11	13	6	10	18	4	3	

iterations=3000	E=0.598257
4	right path
TotaoDis=6.14532
0	1	5	3	14	4	6	13	18	15	2	16	10	19	12	7	11	9	8	17	

iterations=3000	E=0.586714
5	right path
TotaoDis=5.95136
0	1	5	15	3	13	2	6	8	12	16	9	7	11	19	14	10	18	4	17	

iterations=2863	E=0.616562
6	right path
TotaoDis=6.62794
0	5	1	15	13	2	14	4	6	10	19	16	3	11	7	9	8	18	12	17	

iterations=3000	E=0.542252
7	right path
TotaoDis=5.68954
0	5	1	15	3	14	13	2	16	9	11	7	17	19	6	4	18	10	8	12	

iterations=3000	E=0.614332
8	right path
TotaoDis=6.36812
0	17	15	5	3	2	13	1	16	19	7	9	8	11	14	6	18	10	4	12	

iterations=3000	E=0.435308
9	right path
TotaoDis=4.405
0	15	3	1	5	13	2	14	4	18	6	10	19	16	7	9	11	8	12	17	

iterations=3000	E=0.655476
10	right path
TotaoDis=6.88895
1	0	3	15	5	8	2	13	6	14	4	18	19	10	11	16	7	9	12	17	

iterations=3000	E=0.555803
11	right path
TotaoDis=5.6887
0	1	5	15	3	12	8	7	2	16	6	13	14	4	18	10	19	11	9	17	

iterations=2981	E=0.627191
12	right path
TotaoDis=6.57989
12	0	15	5	3	14	13	2	16	6	8	11	9	7	1	19	10	18	4	17	

iterations=3000	E=0.567654
13	right path
TotaoDis=5.79341
0	1	15	17	5	3	2	14	13	6	4	10	18	16	12	7	11	9	19	8	

iterations=3000	E=0.529442
14	right path
TotaoDis=5.51028
0	1	5	3	13	14	2	4	6	15	18	10	16	19	7	9	11	12	8	17	

iterations=3000	E=0.678837
15	right path
TotaoDis=6.98328
17	0	3	14	6	2	13	18	5	12	1	8	9	11	7	16	10	19	4	15	

iterations=2873	E=0.621098
16	right path
TotaoDis=6.44316
0	1	5	17	3	8	12	4	2	13	6	16	9	11	7	19	10	18	14	15	

iterations=3000	E=0.497839
17	right path
TotaoDis=5.22203
0	1	5	3	13	14	2	6	16	19	12	8	9	11	7	4	18	10	15	17	

iterations=2938	E=0.711788
18	right path
TotaoDis=7.5677
0	1	11	5	3	15	13	12	2	6	14	19	16	8	9	7	10	18	4	17	

iterations=3000	E=0.489608
19	right path
TotaoDis=5.03428
0	1	5	3	13	14	15	6	2	18	4	10	19	16	7	9	11	12	8	17	

iterations=3000	E=0.57736
20	right path
TotaoDis=5.97295
15	1	0	5	3	2	13	16	14	6	19	8	9	11	7	10	4	18	12	17	
**********************************************



25
0	0.141453	0.872311
1	0.992553	0.495682
2	0.487991	0.226051
3	0.706259	0.164281
4	0.64861	0.457778
5	0.231697	0.842189
6	0.10416	0.86758
7	0.940519	0.0986053
8	0.594592	0.392407
9	0.0514847	0.687674
10	0.125828	0.710227
11	0.94348	0.735252
12	0.0334483	0.174169
13	0.977416	0.397015
14	0.634205	0.983093
15	0.610096	0.643147
16	0.496445	0.494583
17	0.0795312	0.326395
18	0.861476	0.0870998
19	0.444349	0.189367
20	0.245827	0.476882
21	0.257637	0.967864
22	0.757256	0.896176
23	0.656941	0.245857
24	0.153935	0.0393384
**********************************************
-----------------A=B=C=0.05	D=0.1-----------------
-----------------A=B=C=0.1	D=0.1-----------------

iterations=3000	E=0.533647
2	right path
TotaoDis=5.62955
8	4	13	1	11	15	16	20	2	19	23	3	18	7	22	14	21	5	6	10	9	17	12	24	0	

iterations=3000	E=0.515986
4	right path
TotaoDis=5.63589
3	23	2	19	24	9	10	6	0	21	5	14	22	15	12	17	20	16	8	4	11	1	13	7	18	

iterations=3000	E=0.497221
7	right path
TotaoDis=5.35871
7	18	3	23	8	4	5	14	21	0	6	10	9	20	17	12	24	2	19	16	15	22	11	1	13	

iterations=3000	E=0.564383
10	right path
TotaoDis=6.02852
4	15	22	14	9	20	10	5	0	6	21	11	1	13	7	18	3	23	2	19	8	24	12	17	16	

iterations=3000	E=0.567611
12	right path
TotaoDis=6.13916
3	23	2	19	16	5	21	0	6	10	9	17	12	24	20	14	22	15	11	4	1	13	8	7	18	

iterations=3000	E=0.509504
13	right path
TotaoDis=5.58171
20	17	12	24	19	2	23	3	8	18	7	16	13	1	11	4	15	22	14	21	5	0	6	10	9	

iterations=3000	E=0.466493
14	right path
TotaoDis=4.85155
20	19	2	23	3	18	7	13	1	4	8	16	15	11	22	14	21	5	0	6	10	9	17	12	24	

iterations=3000	E=0.590361
15	right path
TotaoDis=6.14887
10	5	6	0	9	21	14	22	15	11	1	13	2	4	8	17	12	24	19	23	3	18	7	16	20	

iterations=3000	E=0.550481
16	right path
TotaoDis=5.80177
24	12	17	9	10	6	0	21	5	2	23	3	18	7	13	1	8	4	15	22	14	11	16	20	19	

iterations=3000	E=0.521951
17	right path
TotaoDis=5.58934
15	20	17	12	24	16	19	2	8	23	3	18	7	13	1	4	11	22	14	21	5	0	6	10	9	

iterations=3000	E=0.562176
20	right path
TotaoDis=6.28724
17	20	16	23	3	18	7	13	10	9	5	6	0	21	11	14	22	15	1	4	8	2	19	24	12	
-----------------A=B=C=0.15	D=0.1-----------------

iterations=3000	E=0.638648
1	right path
TotaoDis=6.78584
18	23	3	7	13	11	1	4	15	16	8	2	19	24	12	20	22	14	10	21	5	0	6	9	17	

iterations=3000	E=0.578194
2	right path
TotaoDis=5.98034
24	19	2	4	8	1	13	18	7	3	23	11	15	16	5	6	0	21	14	22	10	9	20	17	12	

iterations=3000	E=0.63727
3	right path
TotaoDis=6.6
17	2	23	7	4	18	3	8	16	20	15	0	9	10	6	5	21	14	22	11	1	13	19	24	12	

iterations=3000	E=0.541211
4	right path
TotaoDis=5.6227
2	19	24	12	17	20	15	10	9	5	0	6	21	14	16	23	3	18	7	13	1	11	22	4	8	

iterations=3000	E=0.52713
6	right path
TotaoDis=5.51071
1	13	7	18	3	23	8	20	17	12	24	19	2	16	15	4	11	22	14	21	5	6	0	9	10	

iterations=3000	E=0.62348
7	right path
TotaoDis=6.66158
0	6	5	20	24	18	7	13	1	4	16	8	2	19	23	3	15	11	22	14	12	17	9	10	21	

iterations=3000	E=0.550271
8	right path
TotaoDis=6.01837
13	18	7	3	23	8	15	14	21	5	0	6	9	20	17	12	24	10	2	19	16	4	22	11	1	

iterations=3000	E=0.710713
9	right path
TotaoDis=7.53619
19	2	3	7	18	23	13	8	1	11	4	15	16	24	9	17	12	20	5	22	14	21	0	6	10	

iterations=3000	E=0.548184
10	right path
TotaoDis=5.60874
20	16	9	10	0	6	21	5	14	22	15	4	8	11	1	13	7	18	3	23	19	24	12	17	2	

iterations=3000	E=0.611199
11	right path
TotaoDis=6.32677
4	16	9	10	6	0	21	14	11	1	13	18	3	23	15	22	5	20	17	12	24	19	2	7	8	

iterations=3000	E=0.582763
12	right path
TotaoDis=6.30144
2	19	24	12	5	17	16	15	4	8	3	23	13	7	18	1	11	22	14	21	0	6	10	9	20	

iterations=3000	E=0.632068
13	right path
TotaoDis=6.89181
17	8	12	16	15	4	11	1	13	3	7	18	23	2	19	24	22	14	21	5	0	6	9	10	20	

iterations=3000	E=0.536578
14	right path
TotaoDis=5.84518
13	7	18	3	23	2	19	8	16	5	6	0	9	10	20	17	12	24	15	21	14	22	11	4	1	

iterations=3000	E=0.537248
16	right path
TotaoDis=5.563
5	14	22	15	16	8	24	19	2	23	3	18	7	13	1	11	4	20	12	17	9	10	6	0	21	

iterations=3000	E=0.584996
17	right path
TotaoDis=6.17624
16	8	4	2	19	23	3	13	1	7	18	11	15	20	22	14	21	5	0	6	10	9	17	12	24	

iterations=3000	E=0.557484
18	right path
TotaoDis=5.77068
18	7	3	23	2	8	4	19	16	24	12	17	20	9	0	6	5	21	10	14	22	15	11	1	13	

iterations=2998	E=0.569829
20	right path
TotaoDis=6.22025
5	10	20	16	2	23	8	4	15	17	21	0	6	9	12	24	19	3	18	7	13	1	11	22	14	
-----------------A=B=C=0.2	D=0.1-----------------

iterations=3000	E=0.674075
1	right path
TotaoDis=6.9869
3	23	4	16	20	10	9	5	21	6	0	14	8	22	15	13	1	11	2	19	12	17	24	18	7	

iterations=3000	E=0.62228
2	right path
TotaoDis=6.52746
7	3	18	23	4	8	16	15	22	14	2	20	21	5	6	0	10	9	17	24	12	19	11	1	13	

iterations=3000	E=0.768007
3	right path
TotaoDis=8.29021
16	8	2	19	23	9	3	1	4	11	15	13	7	18	24	12	17	10	6	5	0	21	20	14	22	

iterations=2843	E=0.615485
5	right path
TotaoDis=6.67373
2	4	8	23	3	13	7	18	1	11	16	15	22	14	19	9	5	0	6	21	10	20	17	12	24	

iterations=3000	E=0.708252
7	right path
TotaoDis=7.62688
8	3	23	13	1	4	21	9	6	5	0	10	20	18	16	15	14	22	11	7	17	12	24	19	2	

iterations=2991	E=0.641493
8	right path
TotaoDis=6.7825
3	2	8	19	23	7	1	4	15	16	5	6	0	21	9	20	17	12	24	10	14	22	11	13	18	

iterations=3000	E=0.557916
9	right path
TotaoDis=5.66003
2	3	7	18	8	4	23	13	1	11	16	15	22	14	10	0	21	5	6	9	20	17	12	24	19	

iterations=2664	E=0.603992
10	right path
TotaoDis=6.75702
4	8	1	13	18	7	3	23	2	19	15	16	24	12	17	11	20	9	10	0	6	21	5	14	22	

iterations=3000	E=0.762626
11	right path
TotaoDis=8.0974
2	8	3	23	13	4	16	15	17	19	1	7	18	11	22	20	10	9	6	0	21	5	14	12	24	

iterations=3000	E=0.593717
12	right path
TotaoDis=6.08697
13	7	4	8	23	3	16	18	2	19	24	12	17	10	6	0	5	21	9	20	15	14	22	11	1	

iterations=3000	E=0.552239
13	right path
TotaoDis=5.72134
16	4	8	23	2	15	9	5	0	6	21	14	22	11	1	13	18	7	3	19	24	12	17	10	20	

iterations=3000	E=0.678325
14	right path
TotaoDis=6.97657
4	3	18	7	2	8	16	13	11	1	23	19	24	12	17	22	14	9	10	0	6	21	5	20	15	

iterations=3000	E=0.669782
15	right path
TotaoDis=7.22205
3	4	8	13	1	23	2	16	12	17	20	9	10	5	0	6	21	14	22	11	7	18	24	15	19	

iterations=2857	E=0.695768
16	right path
TotaoDis=7.54935
8	4	1	13	3	7	18	23	19	24	12	20	10	5	0	21	2	14	6	9	17	16	15	22	11	

iterations=3000	E=0.749422
17	right path
TotaoDis=7.93778
11	23	13	7	18	1	4	15	22	16	20	17	24	5	8	3	19	2	12	9	10	6	0	21	14	

iterations=3000	E=0.604129
18	right path
TotaoDis=6.36702
2	16	4	8	3	23	18	7	13	1	11	15	17	20	9	0	6	21	10	5	14	22	12	24	19	

iterations=2964	E=0.732542
19	right path
TotaoDis=7.98866
2	23	3	7	13	1	4	11	15	14	16	22	20	9	5	21	0	6	10	17	18	12	24	19	8	
-----------------A=B=C=0.25	D=0.1-----------------

iterations=2628	E=0.708099
1	right path
TotaoDis=7.69489
3	2	23	4	8	1	13	11	15	16	22	7	14	0	5	6	21	10	20	9	17	12	24	19	18	

iterations=3000	E=0.753162
2	right path
TotaoDis=7.74296
1	7	3	4	8	15	16	24	2	19	18	23	20	14	21	5	0	9	10	6	12	17	22	11	13	

iterations=2483	E=0.629257
3	right path
TotaoDis=6.96452
1	4	15	8	20	16	23	3	7	18	6	2	19	24	12	17	9	10	21	5	0	14	22	11	13	

iterations=2719	E=0.707877
4	right path
TotaoDis=7.69703
3	23	4	1	8	16	11	22	15	14	0	5	21	6	9	20	17	12	24	2	19	13	7	18	10	

iterations=3000	E=0.717944
5	right path
TotaoDis=7.30331
4	2	3	13	1	18	7	23	11	15	10	0	5	8	20	19	24	12	17	9	6	21	14	22	16	

iterations=3000	E=0.856246
6	right path
TotaoDis=8.81882
1	8	23	18	7	2	16	5	0	6	10	20	12	3	19	24	15	14	4	21	9	17	22	11	13	

iterations=3000	E=0.539121
7	right path
TotaoDis=5.47629
23	8	4	16	2	15	11	1	13	7	18	3	19	24	12	17	20	10	9	6	0	5	21	14	22	

iterations=3000	E=0.836242
8	right path
TotaoDis=8.78663
3	13	1	8	4	15	0	6	5	9	10	20	16	21	2	12	24	18	17	19	14	22	11	7	23	

iterations=3000	E=0.687291
9	right path
TotaoDis=7.19006
2	8	4	1	23	3	18	7	13	19	11	22	14	6	0	5	10	9	24	12	17	20	21	16	15	

iterations=3000	E=0.720433
10	right path
TotaoDis=7.36977
2	23	1	4	3	13	7	18	8	11	22	14	6	0	5	21	9	12	24	10	17	20	16	15	19	

iterations=3000	E=0.844682
11	right path
TotaoDis=9.16698
2	3	23	18	13	7	4	8	15	22	14	5	16	0	6	21	10	9	20	12	1	17	24	11	19	

iterations=3000	E=0.653903
12	right path
TotaoDis=6.69126
2	4	8	13	1	15	16	6	10	9	0	21	5	19	24	12	17	20	14	22	11	3	7	18	23	

iterations=3000	E=0.646154
13	right path
TotaoDis=6.68638
3	4	8	16	10	0	5	6	9	20	15	2	19	18	24	12	17	21	14	22	11	1	13	7	23	

iterations=3000	E=0.721335
14	right path
TotaoDis=7.38501
2	3	8	1	13	4	15	14	0	21	5	6	10	9	20	17	12	18	7	22	11	16	23	24	19	

iterations=2786	E=0.790878
15	right path
TotaoDis=8.47775
1	4	23	8	2	16	0	5	21	22	14	15	20	3	24	12	9	6	10	17	11	19	18	7	13	

iterations=2918	E=0.65972
16	right path
TotaoDis=6.97708
7	1	8	4	23	3	16	15	22	14	5	21	0	6	10	9	20	2	24	12	17	19	11	18	13	

iterations=2597	E=0.820888
17	right path
TotaoDis=8.95923
8	4	0	5	10	16	2	13	18	3	23	7	19	12	1	17	24	20	9	6	21	14	11	22	15	

iterations=3000	E=0.809131
18	right path
TotaoDis=8.43506
1	8	2	3	23	18	7	15	0	6	5	16	13	24	19	12	20	17	9	10	4	21	14	22	11	

iterations=2976	E=0.745914
19	right path
TotaoDis=7.90428
1	4	8	15	0	21	5	9	10	16	3	7	13	11	6	22	14	20	17	12	24	2	19	18	23	

iterations=3000	E=0.63673
20	right path
TotaoDis=6.55701
0	15	1	4	8	16	2	23	3	18	7	19	24	12	17	9	10	6	5	20	13	11	22	14	21	
-----------------A=B=C=0.3	D=0.1-----------------

iterations=3000	E=0.655969
1	right path
TotaoDis=6.65121
3	1	13	4	16	6	0	5	14	22	11	2	19	12	24	17	20	9	10	21	15	8	7	18	23	

iterations=3000	E=0.679275
2	right path
TotaoDis=6.99871
1	2	4	8	23	3	13	7	18	16	0	6	5	21	10	9	20	17	12	24	19	14	11	22	15	

iterations=2683	E=0.753297
3	right path
TotaoDis=8.02361
4	8	2	23	3	1	16	0	5	21	6	10	20	17	12	19	18	7	9	24	15	14	22	11	13	

iterations=2732	E=0.810916
4	right path
TotaoDis=8.69119
2	1	4	3	8	15	14	5	0	6	10	9	21	20	17	13	12	24	19	16	11	22	7	18	23	

iterations=2991	E=0.791896
5	right path
TotaoDis=8.25014
2	1	3	13	4	15	16	8	7	10	9	6	0	5	21	14	22	11	20	12	24	19	17	18	23	

iterations=3000	E=0.921309
6	right path
TotaoDis=9.40315
2	1	16	4	0	5	6	14	8	3	23	7	20	12	21	9	10	17	24	19	18	13	11	22	15	

iterations=3000	E=0.777755
7	right path
TotaoDis=8.0776
2	3	1	8	4	15	9	0	10	5	21	20	22	14	6	11	13	7	18	23	19	12	24	17	16	

iterations=2810	E=0.844891
8	right path
TotaoDis=8.86488
2	8	4	1	16	0	5	18	15	13	7	11	22	14	6	9	10	21	17	20	12	24	3	19	23	

iterations=3000	E=0.887065
9	right path
TotaoDis=9.15405
3	1	2	4	16	21	5	0	6	10	20	8	13	14	9	17	15	24	12	19	22	11	7	18	23	

iterations=2994	E=0.927264
10	right path
TotaoDis=9.74622
0	4	2	1	8	15	16	5	11	13	3	23	18	19	17	12	7	24	20	9	22	14	21	6	10	

iterations=2724	E=0.753402
11	right path
TotaoDis=8.03518
1	2	4	23	3	7	8	16	20	6	0	5	21	10	9	17	12	24	19	11	14	18	22	15	13	

iterations=3000	E=0.731927
12	right path
TotaoDis=7.40937
2	4	1	7	13	8	15	0	5	21	6	10	9	20	14	22	11	16	19	17	24	12	3	18	23	

iterations=3000	E=0.748653
13	right path
TotaoDis=7.75074
4	8	2	3	23	15	16	0	6	21	5	10	20	17	1	7	18	19	24	12	9	14	11	22	13	

iterations=3000	E=0.646304
14	right path
TotaoDis=6.62095
1	3	4	8	16	20	10	0	5	6	21	9	17	2	23	18	7	19	24	12	15	14	22	11	13	

iterations=3000	E=0.984051
15	right path
TotaoDis=10.4338
1	9	4	8	2	3	12	11	16	15	19	17	20	5	6	21	10	0	14	22	24	13	7	18	23	

iterations=3000	E=0.892378
16	right path
TotaoDis=9.38727
1	10	3	4	8	15	22	5	0	9	6	21	20	12	16	18	7	2	19	24	17	14	11	13	23	

iterations=3000	E=0.744771
17	right path
TotaoDis=7.59242
1	8	2	4	15	16	0	5	21	6	10	9	20	14	22	11	3	19	17	24	12	7	18	13	23	

iterations=3000	E=0.768482
18	right path
TotaoDis=7.92286
1	2	3	4	8	15	19	16	20	14	10	5	21	6	0	9	17	24	12	22	11	13	7	18	23	

iterations=2986	E=0.706946
19	right path
TotaoDis=7.26711
2	4	1	3	13	11	15	16	22	14	8	5	6	0	21	9	10	20	12	17	24	19	7	18	23	

iterations=3000	E=0.785371
20	right path
TotaoDis=8.15541
4	2	3	8	15	0	5	9	21	6	10	20	17	16	19	12	24	1	18	7	11	14	22	13	23	
**********************************************



